10/19/18 8:52 PM Started
10/19/18 8:52 PM Workspace1-Aplicacion-webapp: JDevOJSP: init
10/19/18 8:52 PM Workspace1-Aplicacion-webapp: action: init
10/19/18 8:52 PM Workspace1-Aplicacion-webapp: 9.0.3.0.0 Started
10/19/18 8:58 PM Started
10/19/18 8:59 PM Workspace1-Aplicacion-webapp: JDevOJSP: init
10/19/18 8:59 PM Workspace1-Aplicacion-webapp: action: init
10/19/18 8:59 PM Workspace1-Aplicacion-webapp: 9.0.3.0.0 Started
10/19/18 8:59 PM Started
10/19/18 8:59 PM Workspace1-Aplicacion-webapp: JDevOJSP: init
10/19/18 8:59 PM Workspace1-Aplicacion-webapp: action: init
10/19/18 8:59 PM Workspace1-Aplicacion-webapp: 9.0.3.0.0 Started
10/19/18 8:59 PM Workspace1-Aplicacion-webapp: JDevOJSP: init
10/19/18 8:59 PM Workspace1-Aplicacion-webapp: action: init
10/19/18 8:59 PM Workspace1-Aplicacion-webapp: 9.0.3.0.0 Started
10/19/18 9:00 PM Started
10/19/18 9:00 PM Workspace1-Aplicacion-webapp: JDevOJSP: init
10/19/18 9:00 PM Workspace1-Aplicacion-webapp: action: init
10/19/18 9:00 PM Workspace1-Aplicacion-webapp: 9.0.3.0.0 Started
10/19/18 9:00 PM Workspace1-Aplicacion-webapp: JDevOJSP: init
10/19/18 9:00 PM Workspace1-Aplicacion-webapp: action: init
10/19/18 9:00 PM Workspace1-Aplicacion-webapp: 9.0.3.0.0 Started
10/19/18 9:00 PM Started
10/19/18 9:00 PM Workspace1-Aplicacion-webapp: JDevOJSP: init
10/19/18 9:00 PM Workspace1-Aplicacion-webapp: action: init
10/19/18 9:00 PM Workspace1-Aplicacion-webapp: 9.0.3.0.0 Started
10/19/18 9:01 PM Workspace1-Aplicacion-webapp: JDevOJSP: init
10/19/18 9:01 PM Workspace1-Aplicacion-webapp: action: init
10/19/18 9:01 PM Workspace1-Aplicacion-webapp: 9.0.3.0.0 Started
10/19/18 9:02 PM Started
10/19/18 9:02 PM Workspace1-Aplicacion-webapp: JDevOJSP: init
10/19/18 9:02 PM Workspace1-Aplicacion-webapp: action: init
10/19/18 9:02 PM Workspace1-Aplicacion-webapp: 9.0.3.0.0 Started
10/19/18 9:04 PM Started
10/19/18 9:04 PM Workspace1-Aplicacion-webapp: JDevOJSP: init
10/19/18 9:04 PM Workspace1-Aplicacion-webapp: action: init
10/19/18 9:04 PM Workspace1-Aplicacion-webapp: 9.0.3.0.0 Started
10/19/18 9:14 PM Started
10/19/18 9:14 PM Workspace1-Aplicacion-webapp: JDevOJSP: init
10/19/18 9:14 PM Workspace1-Aplicacion-webapp: action: init
10/19/18 9:14 PM Workspace1-Aplicacion-webapp: 9.0.3.0.0 Started
10/19/18 9:19 PM Started
10/19/18 9:20 PM Workspace1-Aplicacion-webapp: JDevOJSP: init
10/19/18 9:20 PM Workspace1-Aplicacion-webapp: action: init
10/19/18 9:20 PM Workspace1-Aplicacion-webapp: 9.0.3.0.0 Started
10/19/18 9:20 PM Started
10/19/18 9:20 PM Workspace1-Aplicacion-webapp: JDevOJSP: init
10/19/18 9:20 PM Workspace1-Aplicacion-webapp: action: init
10/19/18 9:20 PM Workspace1-Aplicacion-webapp: 9.0.3.0.0 Started
10/19/18 9:22 PM Workspace1-Aplicacion-webapp: JDevOJSP: init
10/19/18 9:22 PM Workspace1-Aplicacion-webapp: action: init
10/19/18 9:22 PM Workspace1-Aplicacion-webapp: 9.0.3.0.0 Started
10/19/18 9:22 PM Started
10/19/18 9:22 PM Workspace1-Aplicacion-webapp: JDevOJSP: init
10/19/18 9:22 PM Workspace1-Aplicacion-webapp: action: init
10/19/18 9:23 PM Workspace1-Aplicacion-webapp: 9.0.3.0.0 Started
10/19/18 9:23 PM Workspace1-Aplicacion-webapp: JDevOJSP: init
10/19/18 9:23 PM Workspace1-Aplicacion-webapp: action: init
10/19/18 9:23 PM Workspace1-Aplicacion-webapp: 9.0.3.0.0 Started
10/19/18 9:24 PM Started
10/19/18 9:24 PM Workspace1-Aplicacion-webapp: JDevOJSP: init
10/19/18 9:24 PM Workspace1-Aplicacion-webapp: action: init
10/19/18 9:24 PM Workspace1-Aplicacion-webapp: 9.0.3.0.0 Started
10/19/18 9:24 PM Workspace1-Aplicacion-webapp: JDevOJSP: init
10/19/18 9:24 PM Workspace1-Aplicacion-webapp: action: init
10/19/18 9:24 PM Workspace1-Aplicacion-webapp: 9.0.3.0.0 Started
10/19/18 9:26 PM Started
10/19/18 9:26 PM Workspace1-Aplicacion-webapp: JDevOJSP: init
10/19/18 9:26 PM Workspace1-Aplicacion-webapp: action: init
10/19/18 9:26 PM Workspace1-Aplicacion-webapp: 9.0.3.0.0 Started
10/19/18 9:27 PM Started
10/19/18 9:27 PM Workspace1-Aplicacion-webapp: JDevOJSP: init
10/19/18 9:27 PM Workspace1-Aplicacion-webapp: action: init
10/19/18 9:27 PM Workspace1-Aplicacion-webapp: 9.0.3.0.0 Started
10/19/18 9:35 PM Workspace1-Aplicacion-webapp: Servlet error
javax.servlet.jsp.JspException: Cannot retrieve mapping for action /altaParti
	void org.apache.struts.taglib.html.FormTag.lookup()
		FormTag.java:871
	int org.apache.struts.taglib.html.FormTag.doStartTag()
		FormTag.java:543
	void _altas__participantes._jspService(javax.servlet.http.HttpServletRequest, javax.servlet.http.HttpServletResponse)
		altas_participantes.jsp:21
	void com.orionserver[Oracle9iAS (9.0.3.0.0) Containers for J2EE].http.OrionHttpJspPage.service(javax.servlet.ServletRequest, javax.servlet.ServletResponse)
		OrionHttpJspPage.java:56
	void oracle.jsp.runtimev2.JspPageTable.compileAndServe(oracle.jsp.runtimev2.JspPageInfo, javax.servlet.http.HttpServletRequest, javax.servlet.http.HttpServletResponse)
		JspPageTable.java:537
	void oracle.jsp.runtimev2.JspPageTable.service(javax.servlet.http.HttpServletRequest, javax.servlet.http.HttpServletResponse, java.lang.String)
		JspPageTable.java:272
	void oracle.jsp.runtimev2.JspServlet.internalService(javax.servlet.http.HttpServletRequest, javax.servlet.http.HttpServletResponse)
		JspServlet.java:465
	void oracle.jsp.runtimev2.JspServlet.service(javax.servlet.http.HttpServletRequest, javax.servlet.http.HttpServletResponse)
		JspServlet.java:379
	void javax.servlet.http.HttpServlet.service(javax.servlet.ServletRequest, javax.servlet.ServletResponse)
		HttpServlet.java:853
	void com.evermind[Oracle9iAS (9.0.3.0.0) Containers for J2EE].server.http.ServletRequestDispatcher.invoke(javax.servlet.ServletRequest, javax.servlet.ServletResponse)
		ServletRequestDispatcher.java:721
	void com.evermind[Oracle9iAS (9.0.3.0.0) Containers for J2EE].server.http.ServletRequestDispatcher.forwardInternal(javax.servlet.ServletRequest, javax.servlet.http.HttpServletResponse)
		ServletRequestDispatcher.java:306
	void com.evermind[Oracle9iAS (9.0.3.0.0) Containers for J2EE].server.http.ServletRequestDispatcher.forward(javax.servlet.ServletRequest, javax.servlet.ServletResponse)
		ServletRequestDispatcher.java:209
	void org.apache.struts.action.RequestProcessor.doForward(java.lang.String, javax.servlet.http.HttpServletRequest, javax.servlet.http.HttpServletResponse)
		RequestProcessor.java:1014
	void org.apache.struts.action.RequestProcessor.processForwardConfig(javax.servlet.http.HttpServletRequest, javax.servlet.http.HttpServletResponse, org.apache.struts.config.ForwardConfig)
		RequestProcessor.java:417
	void org.apache.struts.action.RequestProcessor.processActionForward(javax.servlet.http.HttpServletRequest, javax.servlet.http.HttpServletResponse, org.apache.struts.action.ActionForward)
		RequestProcessor.java:390
	void org.apache.struts.action.RequestProcessor.process(javax.servlet.http.HttpServletRequest, javax.servlet.http.HttpServletResponse)
		RequestProcessor.java:271
	void org.apache.struts.action.ActionServlet.process(javax.servlet.http.HttpServletRequest, javax.servlet.http.HttpServletResponse)
		ActionServlet.java:1292
	void org.apache.struts.action.ActionServlet.doPost(javax.servlet.http.HttpServletRequest, javax.servlet.http.HttpServletResponse)
		ActionServlet.java:510
	void javax.servlet.http.HttpServlet.service(javax.servlet.http.HttpServletRequest, javax.servlet.http.HttpServletResponse)
		HttpServlet.java:760
	void javax.servlet.http.HttpServlet.service(javax.servlet.ServletRequest, javax.servlet.ServletResponse)
		HttpServlet.java:853
	void com.evermind[Oracle9iAS (9.0.3.0.0) Containers for J2EE].server.http.ServletRequestDispatcher.invoke(javax.servlet.ServletRequest, javax.servlet.ServletResponse)
		ServletRequestDispatcher.java:721
	void com.evermind[Oracle9iAS (9.0.3.0.0) Containers for J2EE].server.http.ServletRequestDispatcher.forwardInternal(javax.servlet.ServletRequest, javax.servlet.http.HttpServletResponse)
		ServletRequestDispatcher.java:306
	boolean com.evermind[Oracle9iAS (9.0.3.0.0) Containers for J2EE].server.http.HttpRequestHandler.processRequest(com.evermind[Oracle9iAS (9.0.3.0.0) Containers for J2EE].server.ApplicationServerThread, com.evermind[Oracle9iAS (9.0.3.0.0) Containers for J2EE].server.http.EvermindHttpServletRequest, com.evermind[Oracle9iAS (9.0.3.0.0) Containers for J2EE].server.http.EvermindHttpServletResponse, java.io.InputStream, java.io.OutputStream, boolean)
		HttpRequestHandler.java:767
	void com.evermind[Oracle9iAS (9.0.3.0.0) Containers for J2EE].server.http.HttpRequestHandler.run(java.lang.Thread)
		HttpRequestHandler.java:259
	void com.evermind[Oracle9iAS (9.0.3.0.0) Containers for J2EE].server.http.HttpRequestHandler.run()
		HttpRequestHandler.java:106
	void EDU.oswego.cs.dl.util.concurrent.PooledExecutor$Worker.run()
		PooledExecutor.java:803
	void java.lang.Thread.run()
		Thread.java:484
10/19/18 9:35 PM Started
10/19/18 9:35 PM Workspace1-Aplicacion-webapp: JDevOJSP: init
10/19/18 9:35 PM Workspace1-Aplicacion-webapp: action: init
10/19/18 9:35 PM Workspace1-Aplicacion-webapp: 9.0.3.0.0 Started
10/19/18 9:35 PM Workspace1-Aplicacion-webapp: Servlet error
javax.servlet.jsp.JspException: Cannot retrieve definition for form bean null
	void org.apache.struts.taglib.html.FormTag.lookup()
		FormTag.java:897
	int org.apache.struts.taglib.html.FormTag.doStartTag()
		FormTag.java:543
	void _altas__participantes._jspService(javax.servlet.http.HttpServletRequest, javax.servlet.http.HttpServletResponse)
		altas_participantes.jsp:21
	void com.orionserver[Oracle9iAS (9.0.3.0.0) Containers for J2EE].http.OrionHttpJspPage.service(javax.servlet.ServletRequest, javax.servlet.ServletResponse)
		OrionHttpJspPage.java:56
	void oracle.jsp.runtimev2.JspPageTable.service(javax.servlet.http.HttpServletRequest, javax.servlet.http.HttpServletResponse, java.lang.String)
		JspPageTable.java:317
	void oracle.jsp.runtimev2.JspServlet.internalService(javax.servlet.http.HttpServletRequest, javax.servlet.http.HttpServletResponse)
		JspServlet.java:465
	void oracle.jsp.runtimev2.JspServlet.service(javax.servlet.http.HttpServletRequest, javax.servlet.http.HttpServletResponse)
		JspServlet.java:379
	void javax.servlet.http.HttpServlet.service(javax.servlet.ServletRequest, javax.servlet.ServletResponse)
		HttpServlet.java:853
	void com.evermind[Oracle9iAS (9.0.3.0.0) Containers for J2EE].server.http.ServletRequestDispatcher.invoke(javax.servlet.ServletRequest, javax.servlet.ServletResponse)
		ServletRequestDispatcher.java:721
	void com.evermind[Oracle9iAS (9.0.3.0.0) Containers for J2EE].server.http.ServletRequestDispatcher.forwardInternal(javax.servlet.ServletRequest, javax.servlet.http.HttpServletResponse)
		ServletRequestDispatcher.java:306
	void com.evermind[Oracle9iAS (9.0.3.0.0) Containers for J2EE].server.http.ServletRequestDispatcher.forward(javax.servlet.ServletRequest, javax.servlet.ServletResponse)
		ServletRequestDispatcher.java:209
	void org.apache.struts.action.RequestProcessor.doForward(java.lang.String, javax.servlet.http.HttpServletRequest, javax.servlet.http.HttpServletResponse)
		RequestProcessor.java:1014
	void org.apache.struts.action.RequestProcessor.processForwardConfig(javax.servlet.http.HttpServletRequest, javax.servlet.http.HttpServletResponse, org.apache.struts.config.ForwardConfig)
		RequestProcessor.java:417
	void org.apache.struts.action.RequestProcessor.processActionForward(javax.servlet.http.HttpServletRequest, javax.servlet.http.HttpServletResponse, org.apache.struts.action.ActionForward)
		RequestProcessor.java:390
	void org.apache.struts.action.RequestProcessor.process(javax.servlet.http.HttpServletRequest, javax.servlet.http.HttpServletResponse)
		RequestProcessor.java:271
	void org.apache.struts.action.ActionServlet.process(javax.servlet.http.HttpServletRequest, javax.servlet.http.HttpServletResponse)
		ActionServlet.java:1292
	void org.apache.struts.action.ActionServlet.doPost(javax.servlet.http.HttpServletRequest, javax.servlet.http.HttpServletResponse)
		ActionServlet.java:510
	void javax.servlet.http.HttpServlet.service(javax.servlet.http.HttpServletRequest, javax.servlet.http.HttpServletResponse)
		HttpServlet.java:760
	void javax.servlet.http.HttpServlet.service(javax.servlet.ServletRequest, javax.servlet.ServletResponse)
		HttpServlet.java:853
	void com.evermind[Oracle9iAS (9.0.3.0.0) Containers for J2EE].server.http.ServletRequestDispatcher.invoke(javax.servlet.ServletRequest, javax.servlet.ServletResponse)
		ServletRequestDispatcher.java:721
	void com.evermind[Oracle9iAS (9.0.3.0.0) Containers for J2EE].server.http.ServletRequestDispatcher.forwardInternal(javax.servlet.ServletRequest, javax.servlet.http.HttpServletResponse)
		ServletRequestDispatcher.java:306
	boolean com.evermind[Oracle9iAS (9.0.3.0.0) Containers for J2EE].server.http.HttpRequestHandler.processRequest(com.evermind[Oracle9iAS (9.0.3.0.0) Containers for J2EE].server.ApplicationServerThread, com.evermind[Oracle9iAS (9.0.3.0.0) Containers for J2EE].server.http.EvermindHttpServletRequest, com.evermind[Oracle9iAS (9.0.3.0.0) Containers for J2EE].server.http.EvermindHttpServletResponse, java.io.InputStream, java.io.OutputStream, boolean)
		HttpRequestHandler.java:767
	void com.evermind[Oracle9iAS (9.0.3.0.0) Containers for J2EE].server.http.HttpRequestHandler.run(java.lang.Thread)
		HttpRequestHandler.java:259
	void com.evermind[Oracle9iAS (9.0.3.0.0) Containers for J2EE].server.http.HttpRequestHandler.run()
		HttpRequestHandler.java:106
	void EDU.oswego.cs.dl.util.concurrent.PooledExecutor$Worker.run()
		PooledExecutor.java:803
	void java.lang.Thread.run()
		Thread.java:484
10/19/18 9:36 PM Workspace1-Aplicacion-webapp: JDevOJSP: init
10/19/18 9:36 PM Workspace1-Aplicacion-webapp: action: init
10/19/18 9:36 PM Workspace1-Aplicacion-webapp: 9.0.3.0.0 Started
10/19/18 9:36 PM Workspace1-Aplicacion-webapp: Servlet error
javax.servlet.jsp.JspException: Cannot retrieve definition for form bean null
	void org.apache.struts.taglib.html.FormTag.lookup()
		FormTag.java:897
	int org.apache.struts.taglib.html.FormTag.doStartTag()
		FormTag.java:543
	void _altas__participantes._jspService(javax.servlet.http.HttpServletRequest, javax.servlet.http.HttpServletResponse)
		altas_participantes.jsp:21
	void com.orionserver[Oracle9iAS (9.0.3.0.0) Containers for J2EE].http.OrionHttpJspPage.service(javax.servlet.ServletRequest, javax.servlet.ServletResponse)
		OrionHttpJspPage.java:56
	void oracle.jsp.runtimev2.JspPageTable.compileAndServe(oracle.jsp.runtimev2.JspPageInfo, javax.servlet.http.HttpServletRequest, javax.servlet.http.HttpServletResponse)
		JspPageTable.java:537
	void oracle.jsp.runtimev2.JspPageTable.service(javax.servlet.http.HttpServletRequest, javax.servlet.http.HttpServletResponse, java.lang.String)
		JspPageTable.java:272
	void oracle.jsp.runtimev2.JspServlet.internalService(javax.servlet.http.HttpServletRequest, javax.servlet.http.HttpServletResponse)
		JspServlet.java:465
	void oracle.jsp.runtimev2.JspServlet.service(javax.servlet.http.HttpServletRequest, javax.servlet.http.HttpServletResponse)
		JspServlet.java:379
	void javax.servlet.http.HttpServlet.service(javax.servlet.ServletRequest, javax.servlet.ServletResponse)
		HttpServlet.java:853
	void com.evermind[Oracle9iAS (9.0.3.0.0) Containers for J2EE].server.http.ServletRequestDispatcher.invoke(javax.servlet.ServletRequest, javax.servlet.ServletResponse)
		ServletRequestDispatcher.java:721
	void com.evermind[Oracle9iAS (9.0.3.0.0) Containers for J2EE].server.http.ServletRequestDispatcher.forwardInternal(javax.servlet.ServletRequest, javax.servlet.http.HttpServletResponse)
		ServletRequestDispatcher.java:306
	void com.evermind[Oracle9iAS (9.0.3.0.0) Containers for J2EE].server.http.ServletRequestDispatcher.forward(javax.servlet.ServletRequest, javax.servlet.ServletResponse)
		ServletRequestDispatcher.java:209
	void org.apache.struts.action.RequestProcessor.doForward(java.lang.String, javax.servlet.http.HttpServletRequest, javax.servlet.http.HttpServletResponse)
		RequestProcessor.java:1014
	void org.apache.struts.action.RequestProcessor.processForwardConfig(javax.servlet.http.HttpServletRequest, javax.servlet.http.HttpServletResponse, org.apache.struts.config.ForwardConfig)
		RequestProcessor.java:417
	void org.apache.struts.action.RequestProcessor.processActionForward(javax.servlet.http.HttpServletRequest, javax.servlet.http.HttpServletResponse, org.apache.struts.action.ActionForward)
		RequestProcessor.java:390
	void org.apache.struts.action.RequestProcessor.process(javax.servlet.http.HttpServletRequest, javax.servlet.http.HttpServletResponse)
		RequestProcessor.java:271
	void org.apache.struts.action.ActionServlet.process(javax.servlet.http.HttpServletRequest, javax.servlet.http.HttpServletResponse)
		ActionServlet.java:1292
	void org.apache.struts.action.ActionServlet.doPost(javax.servlet.http.HttpServletRequest, javax.servlet.http.HttpServletResponse)
		ActionServlet.java:510
	void javax.servlet.http.HttpServlet.service(javax.servlet.http.HttpServletRequest, javax.servlet.http.HttpServletResponse)
		HttpServlet.java:760
	void javax.servlet.http.HttpServlet.service(javax.servlet.ServletRequest, javax.servlet.ServletResponse)
		HttpServlet.java:853
	void com.evermind[Oracle9iAS (9.0.3.0.0) Containers for J2EE].server.http.ServletRequestDispatcher.invoke(javax.servlet.ServletRequest, javax.servlet.ServletResponse)
		ServletRequestDispatcher.java:721
	void com.evermind[Oracle9iAS (9.0.3.0.0) Containers for J2EE].server.http.ServletRequestDispatcher.forwardInternal(javax.servlet.ServletRequest, javax.servlet.http.HttpServletResponse)
		ServletRequestDispatcher.java:306
	boolean com.evermind[Oracle9iAS (9.0.3.0.0) Containers for J2EE].server.http.HttpRequestHandler.processRequest(com.evermind[Oracle9iAS (9.0.3.0.0) Containers for J2EE].server.ApplicationServerThread, com.evermind[Oracle9iAS (9.0.3.0.0) Containers for J2EE].server.http.EvermindHttpServletRequest, com.evermind[Oracle9iAS (9.0.3.0.0) Containers for J2EE].server.http.EvermindHttpServletResponse, java.io.InputStream, java.io.OutputStream, boolean)
		HttpRequestHandler.java:767
	void com.evermind[Oracle9iAS (9.0.3.0.0) Containers for J2EE].server.http.HttpRequestHandler.run(java.lang.Thread)
		HttpRequestHandler.java:259
	void com.evermind[Oracle9iAS (9.0.3.0.0) Containers for J2EE].server.http.HttpRequestHandler.run()
		HttpRequestHandler.java:106
	void EDU.oswego.cs.dl.util.concurrent.PooledExecutor$Worker.run()
		PooledExecutor.java:803
	void java.lang.Thread.run()
		Thread.java:484
10/19/18 9:36 PM Started
10/19/18 9:36 PM Workspace1-Aplicacion-webapp: JDevOJSP: init
10/19/18 9:36 PM Workspace1-Aplicacion-webapp: action: init
10/19/18 9:36 PM Workspace1-Aplicacion-webapp: 9.0.3.0.0 Started
10/19/18 9:36 PM Workspace1-Aplicacion-webapp: Servlet error
javax.servlet.jsp.JspException: Cannot retrieve definition for form bean null
	void org.apache.struts.taglib.html.FormTag.lookup()
		FormTag.java:897
	int org.apache.struts.taglib.html.FormTag.doStartTag()
		FormTag.java:543
	void _altas__participantes._jspService(javax.servlet.http.HttpServletRequest, javax.servlet.http.HttpServletResponse)
		altas_participantes.jsp:21
	void com.orionserver[Oracle9iAS (9.0.3.0.0) Containers for J2EE].http.OrionHttpJspPage.service(javax.servlet.ServletRequest, javax.servlet.ServletResponse)
		OrionHttpJspPage.java:56
	void oracle.jsp.runtimev2.JspPageTable.service(javax.servlet.http.HttpServletRequest, javax.servlet.http.HttpServletResponse, java.lang.String)
		JspPageTable.java:317
	void oracle.jsp.runtimev2.JspServlet.internalService(javax.servlet.http.HttpServletRequest, javax.servlet.http.HttpServletResponse)
		JspServlet.java:465
	void oracle.jsp.runtimev2.JspServlet.service(javax.servlet.http.HttpServletRequest, javax.servlet.http.HttpServletResponse)
		JspServlet.java:379
	void javax.servlet.http.HttpServlet.service(javax.servlet.ServletRequest, javax.servlet.ServletResponse)
		HttpServlet.java:853
	void com.evermind[Oracle9iAS (9.0.3.0.0) Containers for J2EE].server.http.ServletRequestDispatcher.invoke(javax.servlet.ServletRequest, javax.servlet.ServletResponse)
		ServletRequestDispatcher.java:721
	void com.evermind[Oracle9iAS (9.0.3.0.0) Containers for J2EE].server.http.ServletRequestDispatcher.forwardInternal(javax.servlet.ServletRequest, javax.servlet.http.HttpServletResponse)
		ServletRequestDispatcher.java:306
	void com.evermind[Oracle9iAS (9.0.3.0.0) Containers for J2EE].server.http.ServletRequestDispatcher.forward(javax.servlet.ServletRequest, javax.servlet.ServletResponse)
		ServletRequestDispatcher.java:209
	void org.apache.struts.action.RequestProcessor.doForward(java.lang.String, javax.servlet.http.HttpServletRequest, javax.servlet.http.HttpServletResponse)
		RequestProcessor.java:1014
	void org.apache.struts.action.RequestProcessor.processForwardConfig(javax.servlet.http.HttpServletRequest, javax.servlet.http.HttpServletResponse, org.apache.struts.config.ForwardConfig)
		RequestProcessor.java:417
	void org.apache.struts.action.RequestProcessor.processActionForward(javax.servlet.http.HttpServletRequest, javax.servlet.http.HttpServletResponse, org.apache.struts.action.ActionForward)
		RequestProcessor.java:390
	void org.apache.struts.action.RequestProcessor.process(javax.servlet.http.HttpServletRequest, javax.servlet.http.HttpServletResponse)
		RequestProcessor.java:271
	void org.apache.struts.action.ActionServlet.process(javax.servlet.http.HttpServletRequest, javax.servlet.http.HttpServletResponse)
		ActionServlet.java:1292
	void org.apache.struts.action.ActionServlet.doPost(javax.servlet.http.HttpServletRequest, javax.servlet.http.HttpServletResponse)
		ActionServlet.java:510
	void javax.servlet.http.HttpServlet.service(javax.servlet.http.HttpServletRequest, javax.servlet.http.HttpServletResponse)
		HttpServlet.java:760
	void javax.servlet.http.HttpServlet.service(javax.servlet.ServletRequest, javax.servlet.ServletResponse)
		HttpServlet.java:853
	void com.evermind[Oracle9iAS (9.0.3.0.0) Containers for J2EE].server.http.ServletRequestDispatcher.invoke(javax.servlet.ServletRequest, javax.servlet.ServletResponse)
		ServletRequestDispatcher.java:721
	void com.evermind[Oracle9iAS (9.0.3.0.0) Containers for J2EE].server.http.ServletRequestDispatcher.forwardInternal(javax.servlet.ServletRequest, javax.servlet.http.HttpServletResponse)
		ServletRequestDispatcher.java:306
	boolean com.evermind[Oracle9iAS (9.0.3.0.0) Containers for J2EE].server.http.HttpRequestHandler.processRequest(com.evermind[Oracle9iAS (9.0.3.0.0) Containers for J2EE].server.ApplicationServerThread, com.evermind[Oracle9iAS (9.0.3.0.0) Containers for J2EE].server.http.EvermindHttpServletRequest, com.evermind[Oracle9iAS (9.0.3.0.0) Containers for J2EE].server.http.EvermindHttpServletResponse, java.io.InputStream, java.io.OutputStream, boolean)
		HttpRequestHandler.java:767
	void com.evermind[Oracle9iAS (9.0.3.0.0) Containers for J2EE].server.http.HttpRequestHandler.run(java.lang.Thread)
		HttpRequestHandler.java:259
	void com.evermind[Oracle9iAS (9.0.3.0.0) Containers for J2EE].server.http.HttpRequestHandler.run()
		HttpRequestHandler.java:106
	void EDU.oswego.cs.dl.util.concurrent.PooledExecutor$Worker.run()
		PooledExecutor.java:803
	void java.lang.Thread.run()
		Thread.java:484
10/19/18 9:39 PM Workspace1-Aplicacion-webapp: JDevOJSP: init
10/19/18 9:39 PM Workspace1-Aplicacion-webapp: action: init
10/19/18 9:39 PM Workspace1-Aplicacion-webapp: 9.0.3.0.0 Started
10/19/18 9:39 PM Workspace1-Aplicacion-webapp: Servlet error
javax.servlet.jsp.JspException: Cannot retrieve definition for form bean null
	void org.apache.struts.taglib.html.FormTag.lookup()
		FormTag.java:897
	int org.apache.struts.taglib.html.FormTag.doStartTag()
		FormTag.java:543
	void _altas__participantes._jspService(javax.servlet.http.HttpServletRequest, javax.servlet.http.HttpServletResponse)
		altas_participantes.jsp:21
	void com.orionserver[Oracle9iAS (9.0.3.0.0) Containers for J2EE].http.OrionHttpJspPage.service(javax.servlet.ServletRequest, javax.servlet.ServletResponse)
		OrionHttpJspPage.java:56
	void oracle.jsp.runtimev2.JspPageTable.compileAndServe(oracle.jsp.runtimev2.JspPageInfo, javax.servlet.http.HttpServletRequest, javax.servlet.http.HttpServletResponse)
		JspPageTable.java:537
	void oracle.jsp.runtimev2.JspPageTable.service(javax.servlet.http.HttpServletRequest, javax.servlet.http.HttpServletResponse, java.lang.String)
		JspPageTable.java:272
	void oracle.jsp.runtimev2.JspServlet.internalService(javax.servlet.http.HttpServletRequest, javax.servlet.http.HttpServletResponse)
		JspServlet.java:465
	void oracle.jsp.runtimev2.JspServlet.service(javax.servlet.http.HttpServletRequest, javax.servlet.http.HttpServletResponse)
		JspServlet.java:379
	void javax.servlet.http.HttpServlet.service(javax.servlet.ServletRequest, javax.servlet.ServletResponse)
		HttpServlet.java:853
	void com.evermind[Oracle9iAS (9.0.3.0.0) Containers for J2EE].server.http.ServletRequestDispatcher.invoke(javax.servlet.ServletRequest, javax.servlet.ServletResponse)
		ServletRequestDispatcher.java:721
	void com.evermind[Oracle9iAS (9.0.3.0.0) Containers for J2EE].server.http.ServletRequestDispatcher.forwardInternal(javax.servlet.ServletRequest, javax.servlet.http.HttpServletResponse)
		ServletRequestDispatcher.java:306
	void com.evermind[Oracle9iAS (9.0.3.0.0) Containers for J2EE].server.http.ServletRequestDispatcher.forward(javax.servlet.ServletRequest, javax.servlet.ServletResponse)
		ServletRequestDispatcher.java:209
	void org.apache.struts.action.RequestProcessor.doForward(java.lang.String, javax.servlet.http.HttpServletRequest, javax.servlet.http.HttpServletResponse)
		RequestProcessor.java:1014
	void org.apache.struts.action.RequestProcessor.processForwardConfig(javax.servlet.http.HttpServletRequest, javax.servlet.http.HttpServletResponse, org.apache.struts.config.ForwardConfig)
		RequestProcessor.java:417
	void org.apache.struts.action.RequestProcessor.processActionForward(javax.servlet.http.HttpServletRequest, javax.servlet.http.HttpServletResponse, org.apache.struts.action.ActionForward)
		RequestProcessor.java:390
	void org.apache.struts.action.RequestProcessor.process(javax.servlet.http.HttpServletRequest, javax.servlet.http.HttpServletResponse)
		RequestProcessor.java:271
	void org.apache.struts.action.ActionServlet.process(javax.servlet.http.HttpServletRequest, javax.servlet.http.HttpServletResponse)
		ActionServlet.java:1292
	void org.apache.struts.action.ActionServlet.doPost(javax.servlet.http.HttpServletRequest, javax.servlet.http.HttpServletResponse)
		ActionServlet.java:510
	void javax.servlet.http.HttpServlet.service(javax.servlet.http.HttpServletRequest, javax.servlet.http.HttpServletResponse)
		HttpServlet.java:760
	void javax.servlet.http.HttpServlet.service(javax.servlet.ServletRequest, javax.servlet.ServletResponse)
		HttpServlet.java:853
	void com.evermind[Oracle9iAS (9.0.3.0.0) Containers for J2EE].server.http.ServletRequestDispatcher.invoke(javax.servlet.ServletRequest, javax.servlet.ServletResponse)
		ServletRequestDispatcher.java:721
	void com.evermind[Oracle9iAS (9.0.3.0.0) Containers for J2EE].server.http.ServletRequestDispatcher.forwardInternal(javax.servlet.ServletRequest, javax.servlet.http.HttpServletResponse)
		ServletRequestDispatcher.java:306
	boolean com.evermind[Oracle9iAS (9.0.3.0.0) Containers for J2EE].server.http.HttpRequestHandler.processRequest(com.evermind[Oracle9iAS (9.0.3.0.0) Containers for J2EE].server.ApplicationServerThread, com.evermind[Oracle9iAS (9.0.3.0.0) Containers for J2EE].server.http.EvermindHttpServletRequest, com.evermind[Oracle9iAS (9.0.3.0.0) Containers for J2EE].server.http.EvermindHttpServletResponse, java.io.InputStream, java.io.OutputStream, boolean)
		HttpRequestHandler.java:767
	void com.evermind[Oracle9iAS (9.0.3.0.0) Containers for J2EE].server.http.HttpRequestHandler.run(java.lang.Thread)
		HttpRequestHandler.java:259
	void com.evermind[Oracle9iAS (9.0.3.0.0) Containers for J2EE].server.http.HttpRequestHandler.run()
		HttpRequestHandler.java:106
	void EDU.oswego.cs.dl.util.concurrent.PooledExecutor$Worker.run()
		PooledExecutor.java:803
	void java.lang.Thread.run()
		Thread.java:484
10/19/18 9:39 PM Started
10/19/18 9:39 PM Workspace1-Aplicacion-webapp: JDevOJSP: init
10/19/18 9:39 PM Workspace1-Aplicacion-webapp: action: init
10/19/18 9:39 PM Workspace1-Aplicacion-webapp: 9.0.3.0.0 Started
10/19/18 9:39 PM Workspace1-Aplicacion-webapp: Servlet error
javax.servlet.jsp.JspException: Cannot retrieve definition for form bean null
	void org.apache.struts.taglib.html.FormTag.lookup()
		FormTag.java:897
	int org.apache.struts.taglib.html.FormTag.doStartTag()
		FormTag.java:543
	void _altas__participantes._jspService(javax.servlet.http.HttpServletRequest, javax.servlet.http.HttpServletResponse)
		altas_participantes.jsp:21
	void com.orionserver[Oracle9iAS (9.0.3.0.0) Containers for J2EE].http.OrionHttpJspPage.service(javax.servlet.ServletRequest, javax.servlet.ServletResponse)
		OrionHttpJspPage.java:56
	void oracle.jsp.runtimev2.JspPageTable.service(javax.servlet.http.HttpServletRequest, javax.servlet.http.HttpServletResponse, java.lang.String)
		JspPageTable.java:317
	void oracle.jsp.runtimev2.JspServlet.internalService(javax.servlet.http.HttpServletRequest, javax.servlet.http.HttpServletResponse)
		JspServlet.java:465
	void oracle.jsp.runtimev2.JspServlet.service(javax.servlet.http.HttpServletRequest, javax.servlet.http.HttpServletResponse)
		JspServlet.java:379
	void javax.servlet.http.HttpServlet.service(javax.servlet.ServletRequest, javax.servlet.ServletResponse)
		HttpServlet.java:853
	void com.evermind[Oracle9iAS (9.0.3.0.0) Containers for J2EE].server.http.ServletRequestDispatcher.invoke(javax.servlet.ServletRequest, javax.servlet.ServletResponse)
		ServletRequestDispatcher.java:721
	void com.evermind[Oracle9iAS (9.0.3.0.0) Containers for J2EE].server.http.ServletRequestDispatcher.forwardInternal(javax.servlet.ServletRequest, javax.servlet.http.HttpServletResponse)
		ServletRequestDispatcher.java:306
	void com.evermind[Oracle9iAS (9.0.3.0.0) Containers for J2EE].server.http.ServletRequestDispatcher.forward(javax.servlet.ServletRequest, javax.servlet.ServletResponse)
		ServletRequestDispatcher.java:209
	void org.apache.struts.action.RequestProcessor.doForward(java.lang.String, javax.servlet.http.HttpServletRequest, javax.servlet.http.HttpServletResponse)
		RequestProcessor.java:1014
	void org.apache.struts.action.RequestProcessor.processForwardConfig(javax.servlet.http.HttpServletRequest, javax.servlet.http.HttpServletResponse, org.apache.struts.config.ForwardConfig)
		RequestProcessor.java:417
	void org.apache.struts.action.RequestProcessor.processActionForward(javax.servlet.http.HttpServletRequest, javax.servlet.http.HttpServletResponse, org.apache.struts.action.ActionForward)
		RequestProcessor.java:390
	void org.apache.struts.action.RequestProcessor.process(javax.servlet.http.HttpServletRequest, javax.servlet.http.HttpServletResponse)
		RequestProcessor.java:271
	void org.apache.struts.action.ActionServlet.process(javax.servlet.http.HttpServletRequest, javax.servlet.http.HttpServletResponse)
		ActionServlet.java:1292
	void org.apache.struts.action.ActionServlet.doPost(javax.servlet.http.HttpServletRequest, javax.servlet.http.HttpServletResponse)
		ActionServlet.java:510
	void javax.servlet.http.HttpServlet.service(javax.servlet.http.HttpServletRequest, javax.servlet.http.HttpServletResponse)
		HttpServlet.java:760
	void javax.servlet.http.HttpServlet.service(javax.servlet.ServletRequest, javax.servlet.ServletResponse)
		HttpServlet.java:853
	void com.evermind[Oracle9iAS (9.0.3.0.0) Containers for J2EE].server.http.ServletRequestDispatcher.invoke(javax.servlet.ServletRequest, javax.servlet.ServletResponse)
		ServletRequestDispatcher.java:721
	void com.evermind[Oracle9iAS (9.0.3.0.0) Containers for J2EE].server.http.ServletRequestDispatcher.forwardInternal(javax.servlet.ServletRequest, javax.servlet.http.HttpServletResponse)
		ServletRequestDispatcher.java:306
	boolean com.evermind[Oracle9iAS (9.0.3.0.0) Containers for J2EE].server.http.HttpRequestHandler.processRequest(com.evermind[Oracle9iAS (9.0.3.0.0) Containers for J2EE].server.ApplicationServerThread, com.evermind[Oracle9iAS (9.0.3.0.0) Containers for J2EE].server.http.EvermindHttpServletRequest, com.evermind[Oracle9iAS (9.0.3.0.0) Containers for J2EE].server.http.EvermindHttpServletResponse, java.io.InputStream, java.io.OutputStream, boolean)
		HttpRequestHandler.java:767
	void com.evermind[Oracle9iAS (9.0.3.0.0) Containers for J2EE].server.http.HttpRequestHandler.run(java.lang.Thread)
		HttpRequestHandler.java:259
	void com.evermind[Oracle9iAS (9.0.3.0.0) Containers for J2EE].server.http.HttpRequestHandler.run()
		HttpRequestHandler.java:106
	void EDU.oswego.cs.dl.util.concurrent.PooledExecutor$Worker.run()
		PooledExecutor.java:803
	void java.lang.Thread.run()
		Thread.java:484
10/19/18 9:39 PM Workspace1-Aplicacion-webapp: JDevOJSP: init
10/19/18 9:39 PM Workspace1-Aplicacion-webapp: action: init
10/19/18 9:39 PM Workspace1-Aplicacion-webapp: 9.0.3.0.0 Started
10/19/18 9:39 PM Workspace1-Aplicacion-webapp: Servlet error
javax.servlet.jsp.JspException: Cannot retrieve definition for form bean null
	void org.apache.struts.taglib.html.FormTag.lookup()
		FormTag.java:897
	int org.apache.struts.taglib.html.FormTag.doStartTag()
		FormTag.java:543
	void _altas__participantes._jspService(javax.servlet.http.HttpServletRequest, javax.servlet.http.HttpServletResponse)
		altas_participantes.jsp:21
	void com.orionserver[Oracle9iAS (9.0.3.0.0) Containers for J2EE].http.OrionHttpJspPage.service(javax.servlet.ServletRequest, javax.servlet.ServletResponse)
		OrionHttpJspPage.java:56
	void oracle.jsp.runtimev2.JspPageTable.compileAndServe(oracle.jsp.runtimev2.JspPageInfo, javax.servlet.http.HttpServletRequest, javax.servlet.http.HttpServletResponse)
		JspPageTable.java:537
	void oracle.jsp.runtimev2.JspPageTable.service(javax.servlet.http.HttpServletRequest, javax.servlet.http.HttpServletResponse, java.lang.String)
		JspPageTable.java:272
	void oracle.jsp.runtimev2.JspServlet.internalService(javax.servlet.http.HttpServletRequest, javax.servlet.http.HttpServletResponse)
		JspServlet.java:465
	void oracle.jsp.runtimev2.JspServlet.service(javax.servlet.http.HttpServletRequest, javax.servlet.http.HttpServletResponse)
		JspServlet.java:379
	void javax.servlet.http.HttpServlet.service(javax.servlet.ServletRequest, javax.servlet.ServletResponse)
		HttpServlet.java:853
	void com.evermind[Oracle9iAS (9.0.3.0.0) Containers for J2EE].server.http.ServletRequestDispatcher.invoke(javax.servlet.ServletRequest, javax.servlet.ServletResponse)
		ServletRequestDispatcher.java:721
	void com.evermind[Oracle9iAS (9.0.3.0.0) Containers for J2EE].server.http.ServletRequestDispatcher.forwardInternal(javax.servlet.ServletRequest, javax.servlet.http.HttpServletResponse)
		ServletRequestDispatcher.java:306
	void com.evermind[Oracle9iAS (9.0.3.0.0) Containers for J2EE].server.http.ServletRequestDispatcher.forward(javax.servlet.ServletRequest, javax.servlet.ServletResponse)
		ServletRequestDispatcher.java:209
	void org.apache.struts.action.RequestProcessor.doForward(java.lang.String, javax.servlet.http.HttpServletRequest, javax.servlet.http.HttpServletResponse)
		RequestProcessor.java:1014
	void org.apache.struts.action.RequestProcessor.processForwardConfig(javax.servlet.http.HttpServletRequest, javax.servlet.http.HttpServletResponse, org.apache.struts.config.ForwardConfig)
		RequestProcessor.java:417
	void org.apache.struts.action.RequestProcessor.processActionForward(javax.servlet.http.HttpServletRequest, javax.servlet.http.HttpServletResponse, org.apache.struts.action.ActionForward)
		RequestProcessor.java:390
	void org.apache.struts.action.RequestProcessor.process(javax.servlet.http.HttpServletRequest, javax.servlet.http.HttpServletResponse)
		RequestProcessor.java:271
	void org.apache.struts.action.ActionServlet.process(javax.servlet.http.HttpServletRequest, javax.servlet.http.HttpServletResponse)
		ActionServlet.java:1292
	void org.apache.struts.action.ActionServlet.doPost(javax.servlet.http.HttpServletRequest, javax.servlet.http.HttpServletResponse)
		ActionServlet.java:510
	void javax.servlet.http.HttpServlet.service(javax.servlet.http.HttpServletRequest, javax.servlet.http.HttpServletResponse)
		HttpServlet.java:760
	void javax.servlet.http.HttpServlet.service(javax.servlet.ServletRequest, javax.servlet.ServletResponse)
		HttpServlet.java:853
	void com.evermind[Oracle9iAS (9.0.3.0.0) Containers for J2EE].server.http.ServletRequestDispatcher.invoke(javax.servlet.ServletRequest, javax.servlet.ServletResponse)
		ServletRequestDispatcher.java:721
	void com.evermind[Oracle9iAS (9.0.3.0.0) Containers for J2EE].server.http.ServletRequestDispatcher.forwardInternal(javax.servlet.ServletRequest, javax.servlet.http.HttpServletResponse)
		ServletRequestDispatcher.java:306
	boolean com.evermind[Oracle9iAS (9.0.3.0.0) Containers for J2EE].server.http.HttpRequestHandler.processRequest(com.evermind[Oracle9iAS (9.0.3.0.0) Containers for J2EE].server.ApplicationServerThread, com.evermind[Oracle9iAS (9.0.3.0.0) Containers for J2EE].server.http.EvermindHttpServletRequest, com.evermind[Oracle9iAS (9.0.3.0.0) Containers for J2EE].server.http.EvermindHttpServletResponse, java.io.InputStream, java.io.OutputStream, boolean)
		HttpRequestHandler.java:767
	void com.evermind[Oracle9iAS (9.0.3.0.0) Containers for J2EE].server.http.HttpRequestHandler.run(java.lang.Thread)
		HttpRequestHandler.java:259
	void com.evermind[Oracle9iAS (9.0.3.0.0) Containers for J2EE].server.http.HttpRequestHandler.run()
		HttpRequestHandler.java:106
	void EDU.oswego.cs.dl.util.concurrent.PooledExecutor$Worker.run()
		PooledExecutor.java:803
	void java.lang.Thread.run()
		Thread.java:484
10/19/18 9:40 PM Started
10/19/18 9:40 PM Workspace1-Aplicacion-webapp: JDevOJSP: init
10/19/18 9:40 PM Workspace1-Aplicacion-webapp: action: init
10/19/18 9:40 PM Workspace1-Aplicacion-webapp: 9.0.3.0.0 Started
10/19/18 9:40 PM Workspace1-Aplicacion-webapp: Servlet error
javax.servlet.jsp.JspException: Cannot retrieve definition for form bean null
	void org.apache.struts.taglib.html.FormTag.lookup()
		FormTag.java:897
	int org.apache.struts.taglib.html.FormTag.doStartTag()
		FormTag.java:543
	void _altas__participantes._jspService(javax.servlet.http.HttpServletRequest, javax.servlet.http.HttpServletResponse)
		altas_participantes.jsp:21
	void oracle.jsp.runtime.HttpJsp.service(javax.servlet.ServletRequest, javax.servlet.ServletResponse)
		HttpJsp.java:139
	void oracle.jsp.runtimev2.JspPageTable.service(javax.servlet.http.HttpServletRequest, javax.servlet.http.HttpServletResponse, java.lang.String)
		JspPageTable.java:317
	void oracle.jsp.runtimev2.JspServlet.internalService(javax.servlet.http.HttpServletRequest, javax.servlet.http.HttpServletResponse)
		JspServlet.java:465
	void oracle.jsp.runtimev2.JspServlet.service(javax.servlet.http.HttpServletRequest, javax.servlet.http.HttpServletResponse)
		JspServlet.java:379
	void javax.servlet.http.HttpServlet.service(javax.servlet.ServletRequest, javax.servlet.ServletResponse)
		HttpServlet.java:853
	void com.evermind[Oracle9iAS (9.0.3.0.0) Containers for J2EE].server.http.ServletRequestDispatcher.invoke(javax.servlet.ServletRequest, javax.servlet.ServletResponse)
		ServletRequestDispatcher.java:721
	void com.evermind[Oracle9iAS (9.0.3.0.0) Containers for J2EE].server.http.ServletRequestDispatcher.forwardInternal(javax.servlet.ServletRequest, javax.servlet.http.HttpServletResponse)
		ServletRequestDispatcher.java:306
	void com.evermind[Oracle9iAS (9.0.3.0.0) Containers for J2EE].server.http.ServletRequestDispatcher.forward(javax.servlet.ServletRequest, javax.servlet.ServletResponse)
		ServletRequestDispatcher.java:209
	void org.apache.struts.action.RequestProcessor.doForward(java.lang.String, javax.servlet.http.HttpServletRequest, javax.servlet.http.HttpServletResponse)
		RequestProcessor.java:1014
	void org.apache.struts.action.RequestProcessor.processForwardConfig(javax.servlet.http.HttpServletRequest, javax.servlet.http.HttpServletResponse, org.apache.struts.config.ForwardConfig)
		RequestProcessor.java:417
	void org.apache.struts.action.RequestProcessor.processActionForward(javax.servlet.http.HttpServletRequest, javax.servlet.http.HttpServletResponse, org.apache.struts.action.ActionForward)
		RequestProcessor.java:390
	void org.apache.struts.action.RequestProcessor.process(javax.servlet.http.HttpServletRequest, javax.servlet.http.HttpServletResponse)
		RequestProcessor.java:271
	void org.apache.struts.action.ActionServlet.process(javax.servlet.http.HttpServletRequest, javax.servlet.http.HttpServletResponse)
		ActionServlet.java:1292
	void org.apache.struts.action.ActionServlet.doPost(javax.servlet.http.HttpServletRequest, javax.servlet.http.HttpServletResponse)
		ActionServlet.java:510
	void javax.servlet.http.HttpServlet.service(javax.servlet.http.HttpServletRequest, javax.servlet.http.HttpServletResponse)
		HttpServlet.java:760
	void javax.servlet.http.HttpServlet.service(javax.servlet.ServletRequest, javax.servlet.ServletResponse)
		HttpServlet.java:853
	void com.evermind[Oracle9iAS (9.0.3.0.0) Containers for J2EE].server.http.ServletRequestDispatcher.invoke(javax.servlet.ServletRequest, javax.servlet.ServletResponse)
		ServletRequestDispatcher.java:721
	void com.evermind[Oracle9iAS (9.0.3.0.0) Containers for J2EE].server.http.ServletRequestDispatcher.forwardInternal(javax.servlet.ServletRequest, javax.servlet.http.HttpServletResponse)
		ServletRequestDispatcher.java:306
	boolean com.evermind[Oracle9iAS (9.0.3.0.0) Containers for J2EE].server.http.HttpRequestHandler.processRequest(com.evermind[Oracle9iAS (9.0.3.0.0) Containers for J2EE].server.ApplicationServerThread, com.evermind[Oracle9iAS (9.0.3.0.0) Containers for J2EE].server.http.EvermindHttpServletRequest, com.evermind[Oracle9iAS (9.0.3.0.0) Containers for J2EE].server.http.EvermindHttpServletResponse, java.io.InputStream, java.io.OutputStream, boolean)
		HttpRequestHandler.java:767
	void com.evermind[Oracle9iAS (9.0.3.0.0) Containers for J2EE].server.http.HttpRequestHandler.run(java.lang.Thread)
		HttpRequestHandler.java:259
	void com.evermind[Oracle9iAS (9.0.3.0.0) Containers for J2EE].server.http.HttpRequestHandler.run()
		HttpRequestHandler.java:106
	void EDU.oswego.cs.dl.util.concurrent.PooledExecutor$Worker.run()
		PooledExecutor.java:803
	void java.lang.Thread.run()
		Thread.java:484
10/19/18 9:41 PM Workspace1-Aplicacion-webapp: JDevOJSP: init
10/19/18 9:41 PM Workspace1-Aplicacion-webapp: action: init
10/19/18 9:41 PM Workspace1-Aplicacion-webapp: 9.0.3.0.0 Started
10/19/18 9:41 PM Started
10/19/18 9:41 PM Workspace1-Aplicacion-webapp: JDevOJSP: init
10/19/18 9:41 PM Workspace1-Aplicacion-webapp: action: init
10/19/18 9:41 PM Workspace1-Aplicacion-webapp: 9.0.3.0.0 Started
10/19/18 9:41 PM Workspace1-Aplicacion-webapp: Servlet error
javax.servlet.jsp.JspException: No getter method available for property region for bean under name org.apache.struts.taglib.html.BEAN
	int org.apache.struts.taglib.html.SelectTag.doStartTag()
		SelectTag.java:309
	void _altas__participantes._jspService(javax.servlet.http.HttpServletRequest, javax.servlet.http.HttpServletResponse)
		altas_participantes.jsp:35
	void oracle.jsp.runtime.HttpJsp.service(javax.servlet.ServletRequest, javax.servlet.ServletResponse)
		HttpJsp.java:139
	void oracle.jsp.runtimev2.JspPageTable.service(javax.servlet.http.HttpServletRequest, javax.servlet.http.HttpServletResponse, java.lang.String)
		JspPageTable.java:317
	void oracle.jsp.runtimev2.JspServlet.internalService(javax.servlet.http.HttpServletRequest, javax.servlet.http.HttpServletResponse)
		JspServlet.java:465
	void oracle.jsp.runtimev2.JspServlet.service(javax.servlet.http.HttpServletRequest, javax.servlet.http.HttpServletResponse)
		JspServlet.java:379
	void javax.servlet.http.HttpServlet.service(javax.servlet.ServletRequest, javax.servlet.ServletResponse)
		HttpServlet.java:853
	void com.evermind[Oracle9iAS (9.0.3.0.0) Containers for J2EE].server.http.ServletRequestDispatcher.invoke(javax.servlet.ServletRequest, javax.servlet.ServletResponse)
		ServletRequestDispatcher.java:721
	void com.evermind[Oracle9iAS (9.0.3.0.0) Containers for J2EE].server.http.ServletRequestDispatcher.forwardInternal(javax.servlet.ServletRequest, javax.servlet.http.HttpServletResponse)
		ServletRequestDispatcher.java:306
	void com.evermind[Oracle9iAS (9.0.3.0.0) Containers for J2EE].server.http.ServletRequestDispatcher.forward(javax.servlet.ServletRequest, javax.servlet.ServletResponse)
		ServletRequestDispatcher.java:209
	void org.apache.struts.action.RequestProcessor.doForward(java.lang.String, javax.servlet.http.HttpServletRequest, javax.servlet.http.HttpServletResponse)
		RequestProcessor.java:1014
	void org.apache.struts.action.RequestProcessor.processForwardConfig(javax.servlet.http.HttpServletRequest, javax.servlet.http.HttpServletResponse, org.apache.struts.config.ForwardConfig)
		RequestProcessor.java:417
	void org.apache.struts.action.RequestProcessor.processActionForward(javax.servlet.http.HttpServletRequest, javax.servlet.http.HttpServletResponse, org.apache.struts.action.ActionForward)
		RequestProcessor.java:390
	void org.apache.struts.action.RequestProcessor.process(javax.servlet.http.HttpServletRequest, javax.servlet.http.HttpServletResponse)
		RequestProcessor.java:271
	void org.apache.struts.action.ActionServlet.process(javax.servlet.http.HttpServletRequest, javax.servlet.http.HttpServletResponse)
		ActionServlet.java:1292
	void org.apache.struts.action.ActionServlet.doPost(javax.servlet.http.HttpServletRequest, javax.servlet.http.HttpServletResponse)
		ActionServlet.java:510
	void javax.servlet.http.HttpServlet.service(javax.servlet.http.HttpServletRequest, javax.servlet.http.HttpServletResponse)
		HttpServlet.java:760
	void javax.servlet.http.HttpServlet.service(javax.servlet.ServletRequest, javax.servlet.ServletResponse)
		HttpServlet.java:853
	void com.evermind[Oracle9iAS (9.0.3.0.0) Containers for J2EE].server.http.ServletRequestDispatcher.invoke(javax.servlet.ServletRequest, javax.servlet.ServletResponse)
		ServletRequestDispatcher.java:721
	void com.evermind[Oracle9iAS (9.0.3.0.0) Containers for J2EE].server.http.ServletRequestDispatcher.forwardInternal(javax.servlet.ServletRequest, javax.servlet.http.HttpServletResponse)
		ServletRequestDispatcher.java:306
	boolean com.evermind[Oracle9iAS (9.0.3.0.0) Containers for J2EE].server.http.HttpRequestHandler.processRequest(com.evermind[Oracle9iAS (9.0.3.0.0) Containers for J2EE].server.ApplicationServerThread, com.evermind[Oracle9iAS (9.0.3.0.0) Containers for J2EE].server.http.EvermindHttpServletRequest, com.evermind[Oracle9iAS (9.0.3.0.0) Containers for J2EE].server.http.EvermindHttpServletResponse, java.io.InputStream, java.io.OutputStream, boolean)
		HttpRequestHandler.java:767
	void com.evermind[Oracle9iAS (9.0.3.0.0) Containers for J2EE].server.http.HttpRequestHandler.run(java.lang.Thread)
		HttpRequestHandler.java:259
	void com.evermind[Oracle9iAS (9.0.3.0.0) Containers for J2EE].server.http.HttpRequestHandler.run()
		HttpRequestHandler.java:106
	void EDU.oswego.cs.dl.util.concurrent.PooledExecutor$Worker.run()
		PooledExecutor.java:803
	void java.lang.Thread.run()
		Thread.java:484
10/19/18 9:42 PM Workspace1-Aplicacion-webapp: JDevOJSP: init
10/19/18 9:42 PM Workspace1-Aplicacion-webapp: action: init
10/19/18 9:42 PM Workspace1-Aplicacion-webapp: 9.0.3.0.0 Started
10/19/18 9:42 PM Started
10/19/18 9:42 PM Workspace1-Aplicacion-webapp: JDevOJSP: init
10/19/18 9:42 PM Workspace1-Aplicacion-webapp: action: init
10/19/18 9:42 PM Workspace1-Aplicacion-webapp: 9.0.3.0.0 Started
10/19/18 9:45 PM Workspace1-Aplicacion-webapp: JDevOJSP: init
10/19/18 9:45 PM Workspace1-Aplicacion-webapp: action: init
10/19/18 9:45 PM Workspace1-Aplicacion-webapp: 9.0.3.0.0 Started
10/19/18 9:45 PM Workspace1-Aplicacion-webapp: Servlet error
javax.servlet.jsp.JspException: No getter method available for property Genero for bean under name org.apache.struts.taglib.html.BEAN
	int org.apache.struts.taglib.html.SelectTag.doStartTag()
		SelectTag.java:309
	void _altas__participantes._jspService(javax.servlet.http.HttpServletRequest, javax.servlet.http.HttpServletResponse)
		altas_participantes.jsp:51
	void com.orionserver[Oracle9iAS (9.0.3.0.0) Containers for J2EE].http.OrionHttpJspPage.service(javax.servlet.ServletRequest, javax.servlet.ServletResponse)
		OrionHttpJspPage.java:56
	void oracle.jsp.runtimev2.JspPageTable.compileAndServe(oracle.jsp.runtimev2.JspPageInfo, javax.servlet.http.HttpServletRequest, javax.servlet.http.HttpServletResponse)
		JspPageTable.java:537
	void oracle.jsp.runtimev2.JspPageTable.service(javax.servlet.http.HttpServletRequest, javax.servlet.http.HttpServletResponse, java.lang.String)
		JspPageTable.java:272
	void oracle.jsp.runtimev2.JspServlet.internalService(javax.servlet.http.HttpServletRequest, javax.servlet.http.HttpServletResponse)
		JspServlet.java:465
	void oracle.jsp.runtimev2.JspServlet.service(javax.servlet.http.HttpServletRequest, javax.servlet.http.HttpServletResponse)
		JspServlet.java:379
	void javax.servlet.http.HttpServlet.service(javax.servlet.ServletRequest, javax.servlet.ServletResponse)
		HttpServlet.java:853
	void com.evermind[Oracle9iAS (9.0.3.0.0) Containers for J2EE].server.http.ServletRequestDispatcher.invoke(javax.servlet.ServletRequest, javax.servlet.ServletResponse)
		ServletRequestDispatcher.java:721
	void com.evermind[Oracle9iAS (9.0.3.0.0) Containers for J2EE].server.http.ServletRequestDispatcher.forwardInternal(javax.servlet.ServletRequest, javax.servlet.http.HttpServletResponse)
		ServletRequestDispatcher.java:306
	void com.evermind[Oracle9iAS (9.0.3.0.0) Containers for J2EE].server.http.ServletRequestDispatcher.forward(javax.servlet.ServletRequest, javax.servlet.ServletResponse)
		ServletRequestDispatcher.java:209
	void org.apache.struts.action.RequestProcessor.doForward(java.lang.String, javax.servlet.http.HttpServletRequest, javax.servlet.http.HttpServletResponse)
		RequestProcessor.java:1014
	void org.apache.struts.action.RequestProcessor.processForwardConfig(javax.servlet.http.HttpServletRequest, javax.servlet.http.HttpServletResponse, org.apache.struts.config.ForwardConfig)
		RequestProcessor.java:417
	void org.apache.struts.action.RequestProcessor.processActionForward(javax.servlet.http.HttpServletRequest, javax.servlet.http.HttpServletResponse, org.apache.struts.action.ActionForward)
		RequestProcessor.java:390
	void org.apache.struts.action.RequestProcessor.process(javax.servlet.http.HttpServletRequest, javax.servlet.http.HttpServletResponse)
		RequestProcessor.java:271
	void org.apache.struts.action.ActionServlet.process(javax.servlet.http.HttpServletRequest, javax.servlet.http.HttpServletResponse)
		ActionServlet.java:1292
	void org.apache.struts.action.ActionServlet.doPost(javax.servlet.http.HttpServletRequest, javax.servlet.http.HttpServletResponse)
		ActionServlet.java:510
	void javax.servlet.http.HttpServlet.service(javax.servlet.http.HttpServletRequest, javax.servlet.http.HttpServletResponse)
		HttpServlet.java:760
	void javax.servlet.http.HttpServlet.service(javax.servlet.ServletRequest, javax.servlet.ServletResponse)
		HttpServlet.java:853
	void com.evermind[Oracle9iAS (9.0.3.0.0) Containers for J2EE].server.http.ServletRequestDispatcher.invoke(javax.servlet.ServletRequest, javax.servlet.ServletResponse)
		ServletRequestDispatcher.java:721
	void com.evermind[Oracle9iAS (9.0.3.0.0) Containers for J2EE].server.http.ServletRequestDispatcher.forwardInternal(javax.servlet.ServletRequest, javax.servlet.http.HttpServletResponse)
		ServletRequestDispatcher.java:306
	boolean com.evermind[Oracle9iAS (9.0.3.0.0) Containers for J2EE].server.http.HttpRequestHandler.processRequest(com.evermind[Oracle9iAS (9.0.3.0.0) Containers for J2EE].server.ApplicationServerThread, com.evermind[Oracle9iAS (9.0.3.0.0) Containers for J2EE].server.http.EvermindHttpServletRequest, com.evermind[Oracle9iAS (9.0.3.0.0) Containers for J2EE].server.http.EvermindHttpServletResponse, java.io.InputStream, java.io.OutputStream, boolean)
		HttpRequestHandler.java:767
	void com.evermind[Oracle9iAS (9.0.3.0.0) Containers for J2EE].server.http.HttpRequestHandler.run(java.lang.Thread)
		HttpRequestHandler.java:259
	void com.evermind[Oracle9iAS (9.0.3.0.0) Containers for J2EE].server.http.HttpRequestHandler.run()
		HttpRequestHandler.java:106
	void EDU.oswego.cs.dl.util.concurrent.PooledExecutor$Worker.run()
		PooledExecutor.java:803
	void java.lang.Thread.run()
		Thread.java:484
10/19/18 9:53 PM Workspace1-Aplicacion-webapp: Servlet error
javax.servlet.jsp.JspException: Cannot find bean under name ayuda
	java.util.Iterator org.apache.struts.taglib.html.OptionsTag.getIterator(java.lang.String, java.lang.String)
		OptionsTag.java:411
	int org.apache.struts.taglib.html.OptionsTag.doEndTag()
		OptionsTag.java:236
	void _altas__participantes._jspService(javax.servlet.http.HttpServletRequest, javax.servlet.http.HttpServletResponse)
		altas_participantes.jsp:63
	void com.orionserver[Oracle9iAS (9.0.3.0.0) Containers for J2EE].http.OrionHttpJspPage.service(javax.servlet.ServletRequest, javax.servlet.ServletResponse)
		OrionHttpJspPage.java:56
	void oracle.jsp.runtimev2.JspPageTable.compileAndServe(oracle.jsp.runtimev2.JspPageInfo, javax.servlet.http.HttpServletRequest, javax.servlet.http.HttpServletResponse)
		JspPageTable.java:537
	void oracle.jsp.runtimev2.JspPageTable.service(javax.servlet.http.HttpServletRequest, javax.servlet.http.HttpServletResponse, java.lang.String)
		JspPageTable.java:272
	void oracle.jsp.runtimev2.JspServlet.internalService(javax.servlet.http.HttpServletRequest, javax.servlet.http.HttpServletResponse)
		JspServlet.java:465
	void oracle.jsp.runtimev2.JspServlet.service(javax.servlet.http.HttpServletRequest, javax.servlet.http.HttpServletResponse)
		JspServlet.java:379
	void javax.servlet.http.HttpServlet.service(javax.servlet.ServletRequest, javax.servlet.ServletResponse)
		HttpServlet.java:853
	void com.evermind[Oracle9iAS (9.0.3.0.0) Containers for J2EE].server.http.ServletRequestDispatcher.invoke(javax.servlet.ServletRequest, javax.servlet.ServletResponse)
		ServletRequestDispatcher.java:721
	void com.evermind[Oracle9iAS (9.0.3.0.0) Containers for J2EE].server.http.ServletRequestDispatcher.forwardInternal(javax.servlet.ServletRequest, javax.servlet.http.HttpServletResponse)
		ServletRequestDispatcher.java:306
	void com.evermind[Oracle9iAS (9.0.3.0.0) Containers for J2EE].server.http.ServletRequestDispatcher.forward(javax.servlet.ServletRequest, javax.servlet.ServletResponse)
		ServletRequestDispatcher.java:209
	void org.apache.struts.action.RequestProcessor.doForward(java.lang.String, javax.servlet.http.HttpServletRequest, javax.servlet.http.HttpServletResponse)
		RequestProcessor.java:1014
	void org.apache.struts.action.RequestProcessor.processForwardConfig(javax.servlet.http.HttpServletRequest, javax.servlet.http.HttpServletResponse, org.apache.struts.config.ForwardConfig)
		RequestProcessor.java:417
	void org.apache.struts.action.RequestProcessor.processActionForward(javax.servlet.http.HttpServletRequest, javax.servlet.http.HttpServletResponse, org.apache.struts.action.ActionForward)
		RequestProcessor.java:390
	void org.apache.struts.action.RequestProcessor.process(javax.servlet.http.HttpServletRequest, javax.servlet.http.HttpServletResponse)
		RequestProcessor.java:271
	void org.apache.struts.action.ActionServlet.process(javax.servlet.http.HttpServletRequest, javax.servlet.http.HttpServletResponse)
		ActionServlet.java:1292
	void org.apache.struts.action.ActionServlet.doPost(javax.servlet.http.HttpServletRequest, javax.servlet.http.HttpServletResponse)
		ActionServlet.java:510
	void javax.servlet.http.HttpServlet.service(javax.servlet.http.HttpServletRequest, javax.servlet.http.HttpServletResponse)
		HttpServlet.java:760
	void javax.servlet.http.HttpServlet.service(javax.servlet.ServletRequest, javax.servlet.ServletResponse)
		HttpServlet.java:853
	void com.evermind[Oracle9iAS (9.0.3.0.0) Containers for J2EE].server.http.ServletRequestDispatcher.invoke(javax.servlet.ServletRequest, javax.servlet.ServletResponse)
		ServletRequestDispatcher.java:721
	void com.evermind[Oracle9iAS (9.0.3.0.0) Containers for J2EE].server.http.ServletRequestDispatcher.forwardInternal(javax.servlet.ServletRequest, javax.servlet.http.HttpServletResponse)
		ServletRequestDispatcher.java:306
	boolean com.evermind[Oracle9iAS (9.0.3.0.0) Containers for J2EE].server.http.HttpRequestHandler.processRequest(com.evermind[Oracle9iAS (9.0.3.0.0) Containers for J2EE].server.ApplicationServerThread, com.evermind[Oracle9iAS (9.0.3.0.0) Containers for J2EE].server.http.EvermindHttpServletRequest, com.evermind[Oracle9iAS (9.0.3.0.0) Containers for J2EE].server.http.EvermindHttpServletResponse, java.io.InputStream, java.io.OutputStream, boolean)
		HttpRequestHandler.java:767
	void com.evermind[Oracle9iAS (9.0.3.0.0) Containers for J2EE].server.http.HttpRequestHandler.run(java.lang.Thread)
		HttpRequestHandler.java:259
	void com.evermind[Oracle9iAS (9.0.3.0.0) Containers for J2EE].server.http.HttpRequestHandler.run()
		HttpRequestHandler.java:106
	void EDU.oswego.cs.dl.util.concurrent.PooledExecutor$Worker.run()
		PooledExecutor.java:803
	void java.lang.Thread.run()
		Thread.java:484
10/19/18 9:54 PM Workspace1-Aplicacion-webapp: Servlet error
javax.servlet.jsp.JspException: Cannot find bean under name ayuda
	java.util.Iterator org.apache.struts.taglib.html.OptionsTag.getIterator(java.lang.String, java.lang.String)
		OptionsTag.java:411
	int org.apache.struts.taglib.html.OptionsTag.doEndTag()
		OptionsTag.java:236
	void _altas__participantes._jspService(javax.servlet.http.HttpServletRequest, javax.servlet.http.HttpServletResponse)
		altas_participantes.jsp:63
	void com.orionserver[Oracle9iAS (9.0.3.0.0) Containers for J2EE].http.OrionHttpJspPage.service(javax.servlet.ServletRequest, javax.servlet.ServletResponse)
		OrionHttpJspPage.java:56
	void oracle.jsp.runtimev2.JspPageTable.compileAndServe(oracle.jsp.runtimev2.JspPageInfo, javax.servlet.http.HttpServletRequest, javax.servlet.http.HttpServletResponse)
		JspPageTable.java:537
	void oracle.jsp.runtimev2.JspPageTable.service(javax.servlet.http.HttpServletRequest, javax.servlet.http.HttpServletResponse, java.lang.String)
		JspPageTable.java:272
	void oracle.jsp.runtimev2.JspServlet.internalService(javax.servlet.http.HttpServletRequest, javax.servlet.http.HttpServletResponse)
		JspServlet.java:465
	void oracle.jsp.runtimev2.JspServlet.service(javax.servlet.http.HttpServletRequest, javax.servlet.http.HttpServletResponse)
		JspServlet.java:379
	void javax.servlet.http.HttpServlet.service(javax.servlet.ServletRequest, javax.servlet.ServletResponse)
		HttpServlet.java:853
	void com.evermind[Oracle9iAS (9.0.3.0.0) Containers for J2EE].server.http.ServletRequestDispatcher.invoke(javax.servlet.ServletRequest, javax.servlet.ServletResponse)
		ServletRequestDispatcher.java:721
	void com.evermind[Oracle9iAS (9.0.3.0.0) Containers for J2EE].server.http.ServletRequestDispatcher.forwardInternal(javax.servlet.ServletRequest, javax.servlet.http.HttpServletResponse)
		ServletRequestDispatcher.java:306
	void com.evermind[Oracle9iAS (9.0.3.0.0) Containers for J2EE].server.http.ServletRequestDispatcher.forward(javax.servlet.ServletRequest, javax.servlet.ServletResponse)
		ServletRequestDispatcher.java:209
	void org.apache.struts.action.RequestProcessor.doForward(java.lang.String, javax.servlet.http.HttpServletRequest, javax.servlet.http.HttpServletResponse)
		RequestProcessor.java:1014
	void org.apache.struts.action.RequestProcessor.processForwardConfig(javax.servlet.http.HttpServletRequest, javax.servlet.http.HttpServletResponse, org.apache.struts.config.ForwardConfig)
		RequestProcessor.java:417
	void org.apache.struts.action.RequestProcessor.processActionForward(javax.servlet.http.HttpServletRequest, javax.servlet.http.HttpServletResponse, org.apache.struts.action.ActionForward)
		RequestProcessor.java:390
	void org.apache.struts.action.RequestProcessor.process(javax.servlet.http.HttpServletRequest, javax.servlet.http.HttpServletResponse)
		RequestProcessor.java:271
	void org.apache.struts.action.ActionServlet.process(javax.servlet.http.HttpServletRequest, javax.servlet.http.HttpServletResponse)
		ActionServlet.java:1292
	void org.apache.struts.action.ActionServlet.doPost(javax.servlet.http.HttpServletRequest, javax.servlet.http.HttpServletResponse)
		ActionServlet.java:510
	void javax.servlet.http.HttpServlet.service(javax.servlet.http.HttpServletRequest, javax.servlet.http.HttpServletResponse)
		HttpServlet.java:760
	void javax.servlet.http.HttpServlet.service(javax.servlet.ServletRequest, javax.servlet.ServletResponse)
		HttpServlet.java:853
	void com.evermind[Oracle9iAS (9.0.3.0.0) Containers for J2EE].server.http.ServletRequestDispatcher.invoke(javax.servlet.ServletRequest, javax.servlet.ServletResponse)
		ServletRequestDispatcher.java:721
	void com.evermind[Oracle9iAS (9.0.3.0.0) Containers for J2EE].server.http.ServletRequestDispatcher.forwardInternal(javax.servlet.ServletRequest, javax.servlet.http.HttpServletResponse)
		ServletRequestDispatcher.java:306
	boolean com.evermind[Oracle9iAS (9.0.3.0.0) Containers for J2EE].server.http.HttpRequestHandler.processRequest(com.evermind[Oracle9iAS (9.0.3.0.0) Containers for J2EE].server.ApplicationServerThread, com.evermind[Oracle9iAS (9.0.3.0.0) Containers for J2EE].server.http.EvermindHttpServletRequest, com.evermind[Oracle9iAS (9.0.3.0.0) Containers for J2EE].server.http.EvermindHttpServletResponse, java.io.InputStream, java.io.OutputStream, boolean)
		HttpRequestHandler.java:767
	void com.evermind[Oracle9iAS (9.0.3.0.0) Containers for J2EE].server.http.HttpRequestHandler.run(java.lang.Thread)
		HttpRequestHandler.java:259
	void com.evermind[Oracle9iAS (9.0.3.0.0) Containers for J2EE].server.http.HttpRequestHandler.run()
		HttpRequestHandler.java:106
	void EDU.oswego.cs.dl.util.concurrent.PooledExecutor$Worker.run()
		PooledExecutor.java:803
	void java.lang.Thread.run()
		Thread.java:484
10/19/18 10:07 PM Started
10/19/18 10:07 PM Workspace1-Aplicacion-webapp: JDevOJSP: init
10/19/18 10:07 PM Workspace1-Aplicacion-webapp: action: init
10/19/18 10:07 PM Workspace1-Aplicacion-webapp: 9.0.3.0.0 Started
